2025-12-14 07:55:26, MOVE, v:1, k:poo@pagamento, mode:PICK
2025-12-14 07:55:27, EXEC, v:1, k:poo@pagamento, mode:LOCK, rate:100, size:9
2025-12-14 07:55:42, MOVE, v:1, k:poo@pagamento, mode:BACK
2025-12-14 07:56:08, MOVE, v:1, k:poo@pagamento, mode:PICK
2025-12-14 08:02:12, EXEC, v:1, k:poo@pagamento, mode:LOCK, rate:0, size:20
2025-12-14 08:02:53, EXEC, v:1, k:poo@pagamento, mode:LOCK, rate:0, size:21
2025-12-14 08:03:30, EXEC, v:1, k:poo@pagamento, mode:LOCK, rate:0, size:21
2025-12-14 08:07:37, EXEC, v:1, k:poo@pagamento, mode:LOCK, rate:0, size:26
2025-12-14 08:26:28, EXEC, v:1, k:poo@pagamento, mode:LOCK, rate:0, size:29
2025-12-14 08:27:00, MOVE, v:1, k:poo@pagamento, mode:BACK
2025-12-14 08:28:08, SELF, v:1, k:poo@zoo, rate:100, iagen:s, guide:s, alone:8, study:150
2025-12-14 08:28:39, MOVE, v:1, k:poo@pagamento, mode:PICK
2025-12-14 08:28:40, EXEC, v:1, k:poo@pagamento, mode:LOCK, rate:0
2025-12-14 08:45:56, EXEC, v:1, k:poo@pagamento, mode:LOCK, rate:0, size:36
2025-12-14 08:46:19, EXEC, v:1, k:poo@pagamento, mode:LOCK, rate:0, size:35
2025-12-14 08:46:29, EXEC, v:1, k:poo@pagamento, mode:LOCK, rate:0, size:36
2025-12-14 08:51:06, EXEC, v:1, k:poo@pagamento, mode:LOCK, rate:0, size:43
2025-12-14 08:51:09, EXEC, v:1, k:poo@pagamento, mode:LOCK, rate:0
2025-12-14 08:51:28, EXEC, v:1, k:poo@pagamento, mode:LOCK, rate:0, size:43
2025-12-14 08:51:37, EXEC, v:1, k:poo@pagamento, mode:LOCK, rate:0, size:43
2025-12-14 08:52:24, EXEC, v:1, k:poo@pagamento, mode:LOCK, rate:0, size:44
2025-12-14 08:52:58, EXEC, v:1, k:poo@pagamento, mode:LOCK, rate:0, size:44
2025-12-14 08:55:41, EXEC, v:1, k:poo@pagamento, mode:LOCK, rate:0, size:44
2025-12-14 08:56:37, EXEC, v:1, k:poo@pagamento, mode:LOCK, rate:0, size:44
2025-12-14 08:57:11, EXEC, v:1, k:poo@pagamento, mode:FREE
2025-12-14 08:57:19, MOVE, v:1, k:poo@pagamento, mode:BACK
2025-12-14 09:06:13, MOVE, v:1, k:poo@pagamento, mode:PICK
2025-12-14 09:06:14, EXEC, v:1, k:poo@pagamento, mode:LOCK, rate:0, size:49
2025-12-14 09:11:08, EXEC, v:1, k:poo@pagamento, mode:LOCK, rate:0, size:50
2025-12-14 09:11:24, EXEC, v:1, k:poo@pagamento, mode:LOCK, rate:0, size:51
2025-12-14 09:11:41, EXEC, v:1, k:poo@pagamento, mode:LOCK, rate:0, size:51
2025-12-14 09:14:00, EXEC, v:1, k:poo@pagamento, mode:LOCK, rate:0, size:51
2025-12-14 09:14:34, EXEC, v:1, k:poo@pagamento, mode:LOCK, rate:0, size:51
2025-12-14 09:14:56, EXEC, v:1, k:poo@pagamento, mode:LOCK, rate:0, size:51
2025-12-14 09:27:15, EXEC, v:1, k:poo@pagamento, mode:LOCK, rate:0, size:65
2025-12-14 09:27:44, EXEC, v:1, k:poo@pagamento, mode:LOCK, rate:0, size:65
2025-12-14 09:28:05, EXEC, v:1, k:poo@pagamento, mode:LOCK, rate:0, size:65
2025-12-14 09:28:13, EXEC, v:1, k:poo@pagamento, mode:LOCK, rate:0, size:65
2025-12-14 11:01:36, EXEC, v:1, k:poo@pagamento, mode:LOCK, rate:0, size:65
2025-12-14 11:10:14, MOVE, v:1, k:poo@pagamento, mode:BACK
2025-12-14 11:10:40, MOVE, v:1, k:poo@pagamento, mode:PICK
2025-12-14 11:10:42, EXEC, v:1, k:poo@pagamento, mode:LOCK, rate:0, size:66
2025-12-14 11:46:49, EXEC, v:1, k:poo@pagamento, mode:LOCK, rate:0, size:92
2025-12-14 11:46:53, EXEC, v:1, k:poo@pagamento, mode:LOCK, rate:0
2025-12-14 11:46:57, EXEC, v:1, k:poo@pagamento, mode:LOCK, rate:0
2025-12-14 11:47:02, EXEC, v:1, k:poo@pagamento, mode:LOCK, rate:0
2025-12-14 11:47:06, EXEC, v:1, k:poo@pagamento, mode:LOCK, rate:0
2025-12-14 11:47:15, EXEC, v:1, k:poo@pagamento, mode:LOCK, rate:0
2025-12-14 11:52:39, EXEC, v:1, k:poo@pagamento, mode:LOCK, rate:0, size:97
2025-12-14 11:53:22, EXEC, v:1, k:poo@pagamento, mode:LOCK, rate:0, size:97
2025-12-14 11:53:24, EXEC, v:1, k:poo@pagamento, mode:LOCK, rate:0
2025-12-14 11:53:25, EXEC, v:1, k:poo@pagamento, mode:LOCK, rate:0
2025-12-14 11:53:26, MOVE, v:1, k:poo@pagamento, mode:BACK
2025-12-14 11:53:27, MOVE, v:1, k:poo@pagamento, mode:PICK
2025-12-14 11:53:28, EXEC, v:1, k:poo@pagamento, mode:LOCK, rate:0
2025-12-14 11:53:46, EXEC, v:1, k:poo@pagamento, mode:LOCK, rate:0, size:97
2025-12-14 11:54:06, EXEC, v:1, k:poo@pagamento, mode:LOCK, rate:0, size:97
2025-12-14 11:57:57, EXEC, v:1, k:poo@pagamento, mode:LOCK, rate:0, size:96
2025-12-14 11:58:02, EXEC, v:1, k:poo@pagamento, mode:LOCK, rate:0
2025-12-14 11:58:02, MOVE, v:1, k:poo@pagamento, mode:BACK
2025-12-14 11:58:04, MOVE, v:1, k:poo@pagamento, mode:PICK
2025-12-14 11:58:09, EXEC, v:1, k:poo@pagamento, mode:LOCK, rate:0
2025-12-14 12:00:51, EXEC, v:1, k:poo@pagamento, mode:LOCK, rate:0, size:93
2025-12-14 12:02:38, EXEC, v:1, k:poo@pagamento, mode:LOCK, rate:0, size:93
2025-12-14 12:03:15, EXEC, v:1, k:poo@pagamento, mode:LOCK, rate:0, size:93
2025-12-14 12:03:35, EXEC, v:1, k:poo@pagamento, mode:LOCK, rate:0, size:93
2025-12-14 12:04:16, EXEC, v:1, k:poo@pagamento, mode:LOCK, rate:0, size:93
2025-12-14 12:05:08, EXEC, v:1, k:poo@pagamento, mode:LOCK, rate:0, size:93
2025-12-14 12:06:41, EXEC, v:1, k:poo@pagamento, mode:LOCK, rate:0, size:96
2025-12-14 12:06:57, EXEC, v:1, k:poo@pagamento, mode:LOCK, rate:0, size:96
2025-12-14 12:07:46, EXEC, v:1, k:poo@pagamento, mode:LOCK, rate:0, size:96
2025-12-14 12:10:22, EXEC, v:1, k:poo@pagamento, mode:LOCK, rate:0, size:96
2025-12-14 12:11:03, EXEC, v:1, k:poo@pagamento, mode:LOCK, rate:0, size:96
2025-12-14 12:11:16, EXEC, v:1, k:poo@pagamento, mode:LOCK, rate:0, size:96
2025-12-14 12:12:07, MOVE, v:1, k:poo@pagamento, mode:BACK
2025-12-14 12:12:47, SELF, v:1, k:poo@pagamento, rate:100, iagen:s, guide:s, alone:9, study:180
2025-12-14 12:13:04, SELF, v:1, k:poo@pagamento, rate:100, iagen:s, guide:s, alone:7, study:180
